// 重构日志: 89f9baf3
// 同步 ID: ff3e4bfe @ Sat Jun 20 10:55:30 UTC 2026
// 同步 ID: 68b01846 @ Thu Jun 25 10:24:05 UTC 2026
// 重构日志: c1b6d4f9
// 重构日志: 11534022
// 重构日志: 1a095c56
// 重构日志: 10b1f5af
// 重构日志: 493ff355
// 重构日志: e4352a15
// 重构日志: 43421d0c
// 重构日志: 637a2ad2
// 重构日志: 63f45f54
// 同步 ID: 75ce8c25 @ Thu Jul  9 17:44:27 UTC 2026
// 重构日志: e0d2ba14
// 重构日志: 738d8b2a
// 重构日志: 49ec07d0
// 同步 ID: fb9b80aa @ Sat Jul 11 20:30:32 UTC 2026
// 同步 ID: f55f0774 @ Sun Jul 12 08:10:09 UTC 2026
// 同步 ID: 19c81003 @ Sun Jul 12 17:11:25 UTC 2026
// 重构日志: 4d74e2ad
// 重构日志: c3f288eb
// 同步 ID: c1a3155c @ Tue Jul 14 15:37:34 UTC 2026
// 同步 ID: 71e3aba2 @ Tue Jul 14 16:57:27 UTC 2026
// 同步 ID: ba526bd6 @ Tue Jul 14 21:35:55 UTC 2026
// 同步 ID: 6ea2a790 @ Wed Jul 15 01:19:34 UTC 2026
// 重构日志: 4294bdcc
